#
# There is insufficient memory for the Java Runtime Environment to continue.
# Native memory allocation (mmap) failed to map 715849728 bytes for committing reserved memory.
# Possible reasons:
#   The system is out of physical RAM or swap space
#   In 32 bit mode, the process size limit was hit
# Possible solutions:
#   Reduce memory load on the system
#   Increase physical memory or swap space
#   Check if swap backing store is full
#   Use 64 bit Java on a 64 bit OS
#   Decrease Java heap size (-Xmx/-Xms)
#   Decrease number of Java threads
#   Decrease Java thread stack sizes (-Xss)
#   Set larger code cache with -XX:ReservedCodeCacheSize=
# This output file may be truncated or incomplete.
#
#  Out of Memory Error (os_linux.cpp:2643), pid=1849, tid=0x00007f4aacfb0700
#
# JRE version:  (8.0_181-b13) (build )
# Java VM: OpenJDK 64-Bit Server VM (25.181-b13 mixed mode linux-amd64 compressed oops)
# Failed to write core dump. Core dumps have been disabled. To enable core dumping, try "ulimit -c unlimited" before starting Java again
#

---------------  T H R E A D  ---------------

Current thread (0x00007f4aa400a800):  JavaThread "Unknown thread" [_thread_in_vm, id=1851, stack(0x00007f4aaceb0000,0x00007f4aacfb1000)]

Stack: [0x00007f4aaceb0000,0x00007f4aacfb1000],  sp=0x00007f4aacfaf4e0,  free space=1021k
Native frames: (J=compiled Java code, j=interpreted, Vv=VM code, C=native code)
V  [libjvm.so+0xa740a0]
V  [libjvm.so+0x4c9abc]
V  [libjvm.so+0x8c1dd8]
V  [libjvm.so+0x8bc37e]
V  [libjvm.so+0xa70c54]
V  [libjvm.so+0x5ce090]
V  [libjvm.so+0xa106a4]
V  [libjvm.so+0x5cee2a]
V  [libjvm.so+0x5ba62f]
V  [libjvm.so+0xa38331]
V  [libjvm.so+0xa38592]
V  [libjvm.so+0x61383f]
V  [libjvm.so+0xa1ce4a]
V  [libjvm.so+0x68d621]  JNI_CreateJavaVM+0x61
C  [libjli.so+0x2f06]
C  [libjli.so+0x753d]
C  [libpthread.so.0+0x7494]  start_thread+0xc4


---------------  P R O C E S S  ---------------

Java Threads: ( => current thread )

Other Threads:

=>0x00007f4aa400a800 (exited) JavaThread "Unknown thread" [_thread_in_vm, id=1851, stack(0x00007f4aaceb0000,0x00007f4aacfb1000)]

VM state:not at safepoint (not fully initialized)

VM Mutex/Monitor currently owned by a thread: None

GC Heap History (0 events):
No events

Deoptimization events (0 events):
No events

Classes redefined (0 events):
No events

Internal exceptions (0 events):
No events

Events (0 events):
No events


Dynamic libraries:
c0000000-d5550000 rw-p 00000000 00:00 0 
5575b3e73000-5575b3e74000 r-xp 00000000 08:01 277735                     /usr/lib/jvm/java-8-openjdk-amd64/jre/bin/java
5575b4073000-5575b4074000 r--p 00000000 08:01 277735                     /usr/lib/jvm/java-8-openjdk-amd64/jre/bin/java
5575b4074000-5575b4075000 rw-p 00001000 08:01 277735                     /usr/lib/jvm/java-8-openjdk-amd64/jre/bin/java
5575b4638000-5575b4659000 rw-p 00000000 00:00 0                          [heap]
7f4a95000000-7f4a95270000 rwxp 00000000 00:00 0 
7f4a95270000-7f4aa4000000 ---p 00000000 00:00 0 
7f4aa4000000-7f4aa4034000 rw-p 00000000 00:00 0 
7f4aa4034000-7f4aa8000000 ---p 00000000 00:00 0 
7f4aa9377000-7f4aa9422000 rw-p 00000000 00:00 0 
7f4aa9422000-7f4aa9577000 ---p 00000000 00:00 0 
7f4aa9577000-7f4aa9582000 rw-p 00000000 00:00 0 
7f4aa9582000-7f4aa9938000 ---p 00000000 00:00 0 
7f4aa9938000-7f4aa9940000 r-xp 00000000 08:01 277781                     /usr/lib/jvm/java-8-openjdk-amd64/jre/lib/amd64/libzip.so
7f4aa9940000-7f4aa9b3f000 ---p 00008000 08:01 277781                     /usr/lib/jvm/java-8-openjdk-amd64/jre/lib/amd64/libzip.so
7f4aa9b3f000-7f4aa9b40000 r--p 00007000 08:01 277781                     /usr/lib/jvm/java-8-openjdk-amd64/jre/lib/amd64/libzip.so
7f4aa9b40000-7f4aa9b41000 rw-p 00008000 08:01 277781                     /usr/lib/jvm/java-8-openjdk-amd64/jre/lib/amd64/libzip.so
7f4aa9b41000-7f4aa9b4b000 r-xp 00000000 08:01 524454                     /lib/x86_64-linux-gnu/libnss_files-2.24.so
7f4aa9b4b000-7f4aa9d4b000 ---p 0000a000 08:01 524454                     /lib/x86_64-linux-gnu/libnss_files-2.24.so
7f4aa9d4b000-7f4aa9d4c000 r--p 0000a000 08:01 524454                     /lib/x86_64-linux-gnu/libnss_files-2.24.so
7f4aa9d4c000-7f4aa9d4d000 rw-p 0000b000 08:01 524454                     /lib/x86_64-linux-gnu/libnss_files-2.24.so
7f4aa9d4d000-7f4aa9d53000 rw-p 00000000 00:00 0 
7f4aa9d53000-7f4aa9d5e000 r-xp 00000000 08:01 524760                     /lib/x86_64-linux-gnu/libnss_nis-2.24.so
7f4aa9d5e000-7f4aa9f5d000 ---p 0000b000 08:01 524760                     /lib/x86_64-linux-gnu/libnss_nis-2.24.so
7f4aa9f5d000-7f4aa9f5e000 r--p 0000a000 08:01 524760                     /lib/x86_64-linux-gnu/libnss_nis-2.24.so
7f4aa9f5e000-7f4aa9f5f000 rw-p 0000b000 08:01 524760                     /lib/x86_64-linux-gnu/libnss_nis-2.24.so
7f4aa9f5f000-7f4aa9f73000 r-xp 00000000 08:01 524399                     /lib/x86_64-linux-gnu/libnsl-2.24.so
7f4aa9f73000-7f4aaa173000 ---p 00014000 08:01 524399                     /lib/x86_64-linux-gnu/libnsl-2.24.so
7f4aaa173000-7f4aaa174000 r--p 00014000 08:01 524399                     /lib/x86_64-linux-gnu/libnsl-2.24.so
7f4aaa174000-7f4aaa175000 rw-p 00015000 08:01 524399                     /lib/x86_64-linux-gnu/libnsl-2.24.so
7f4aaa175000-7f4aaa177000 rw-p 00000000 00:00 0 
7f4aaa177000-7f4aaa17e000 r-xp 00000000 08:01 524400                     /lib/x86_64-linux-gnu/libnss_compat-2.24.so
7f4aaa17e000-7f4aaa37d000 ---p 00007000 08:01 524400                     /lib/x86_64-linux-gnu/libnss_compat-2.24.so
7f4aaa37d000-7f4aaa37e000 r--p 00006000 08:01 524400                     /lib/x86_64-linux-gnu/libnss_compat-2.24.so
7f4aaa37e000-7f4aaa37f000 rw-p 00007000 08:01 524400                     /lib/x86_64-linux-gnu/libnss_compat-2.24.so
7f4aaa37f000-7f4aaa3ac000 r-xp 00000000 08:01 277762                     /usr/lib/jvm/java-8-openjdk-amd64/jre/lib/amd64/libjava.so
7f4aaa3ac000-7f4aaa5ac000 ---p 0002d000 08:01 277762                     /usr/lib/jvm/java-8-openjdk-amd64/jre/lib/amd64/libjava.so
7f4aaa5ac000-7f4aaa5ad000 r--p 0002d000 08:01 277762                     /usr/lib/jvm/java-8-openjdk-amd64/jre/lib/amd64/libjava.so
7f4aaa5ad000-7f4aaa5af000 rw-p 0002e000 08:01 277762                     /usr/lib/jvm/java-8-openjdk-amd64/jre/lib/amd64/libjava.so
7f4aaa5af000-7f4aaa5be000 r-xp 00000000 08:01 277780                     /usr/lib/jvm/java-8-openjdk-amd64/jre/lib/amd64/libverify.so
7f4aaa5be000-7f4aaa7be000 ---p 0000f000 08:01 277780                     /usr/lib/jvm/java-8-openjdk-amd64/jre/lib/amd64/libverify.so
7f4aaa7be000-7f4aaa7c0000 r--p 0000f000 08:01 277780                     /usr/lib/jvm/java-8-openjdk-amd64/jre/lib/amd64/libverify.so
7f4aaa7c0000-7f4aaa7c1000 rw-p 00011000 08:01 277780                     /usr/lib/jvm/java-8-openjdk-amd64/jre/lib/amd64/libverify.so
7f4aaa7c1000-7f4aaa7c8000 r-xp 00000000 08:01 524791                     /lib/x86_64-linux-gnu/librt-2.24.so
7f4aaa7c8000-7f4aaa9c7000 ---p 00007000 08:01 524791                     /lib/x86_64-linux-gnu/librt-2.24.so
7f4aaa9c7000-7f4aaa9c8000 r--p 00006000 08:01 524791                     /lib/x86_64-linux-gnu/librt-2.24.so
7f4aaa9c8000-7f4aaa9c9000 rw-p 00007000 08:01 524791                     /lib/x86_64-linux-gnu/librt-2.24.so
7f4aaa9c9000-7f4aaa9df000 r-xp 00000000 08:01 524379                     /lib/x86_64-linux-gnu/libgcc_s.so.1
7f4aaa9df000-7f4aaabde000 ---p 00016000 08:01 524379                     /lib/x86_64-linux-gnu/libgcc_s.so.1
7f4aaabde000-7f4aaabdf000 r--p 00015000 08:01 524379                     /lib/x86_64-linux-gnu/libgcc_s.so.1
7f4aaabdf000-7f4aaabe0000 rw-p 00016000 08:01 524379                     /lib/x86_64-linux-gnu/libgcc_s.so.1
7f4aaabe0000-7f4aaace3000 r-xp 00000000 08:01 524396                     /lib/x86_64-linux-gnu/libm-2.24.so
7f4aaace3000-7f4aaaee2000 ---p 00103000 08:01 524396                     /lib/x86_64-linux-gnu/libm-2.24.so
7f4aaaee2000-7f4aaaee3000 r--p 00102000 08:01 524396                     /lib/x86_64-linux-gnu/libm-2.24.so
7f4aaaee3000-7f4aaaee4000 rw-p 00103000 08:01 524396                     /lib/x86_64-linux-gnu/libm-2.24.so
7f4aaaee4000-7f4aab056000 r-xp 00000000 08:01 135932                     /usr/lib/x86_64-linux-gnu/libstdc++.so.6.0.22
7f4aab056000-7f4aab256000 ---p 00172000 08:01 135932                     /usr/lib/x86_64-linux-gnu/libstdc++.so.6.0.22
7f4aab256000-7f4aab260000 r--p 00172000 08:01 135932                     /usr/lib/x86_64-linux-gnu/libstdc++.so.6.0.22
7f4aab260000-7f4aab262000 rw-p 0017c000 08:01 135932                     /usr/lib/x86_64-linux-gnu/libstdc++.so.6.0.22
7f4aab262000-7f4aab266000 rw-p 00000000 00:00 0 
7f4aab266000-7f4aabec5000 r-xp 00000000 08:01 277784                     /usr/lib/jvm/java-8-openjdk-amd64/jre/lib/amd64/server/libjvm.so
7f4aabec5000-7f4aac0c4000 ---p 00c5f000 08:01 277784                     /usr/lib/jvm/java-8-openjdk-amd64/jre/lib/amd64/server/libjvm.so
7f4aac0c4000-7f4aac158000 r--p 00c5e000 08:01 277784                     /usr/lib/jvm/java-8-openjdk-amd64/jre/lib/amd64/server/libjvm.so
7f4aac158000-7f4aac181000 rw-p 00cf2000 08:01 277784                     /usr/lib/jvm/java-8-openjdk-amd64/jre/lib/amd64/server/libjvm.so
7f4aac181000-7f4aac1b1000 rw-p 00000000 00:00 0 
7f4aac1b1000-7f4aac346000 r-xp 00000000 08:01 524392                     /lib/x86_64-linux-gnu/libc-2.24.so
7f4aac346000-7f4aac546000 ---p 00195000 08:01 524392                     /lib/x86_64-linux-gnu/libc-2.24.so
7f4aac546000-7f4aac54a000 r--p 00195000 08:01 524392                     /lib/x86_64-linux-gnu/libc-2.24.so
7f4aac54a000-7f4aac54c000 rw-p 00199000 08:01 524392                     /lib/x86_64-linux-gnu/libc-2.24.so
7f4aac54c000-7f4aac550000 rw-p 00000000 00:00 0 
7f4aac550000-7f4aac553000 r-xp 00000000 08:01 524395                     /lib/x86_64-linux-gnu/libdl-2.24.so
7f4aac553000-7f4aac752000 ---p 00003000 08:01 524395                     /lib/x86_64-linux-gnu/libdl-2.24.so
7f4aac752000-7f4aac753000 r--p 00002000 08:01 524395                     /lib/x86_64-linux-gnu/libdl-2.24.so
7f4aac753000-7f4aac754000 rw-p 00003000 08:01 524395                     /lib/x86_64-linux-gnu/libdl-2.24.so
7f4aac754000-7f4aac761000 r-xp 00000000 08:01 277748                     /usr/lib/jvm/java-8-openjdk-amd64/jre/lib/amd64/jli/libjli.so
7f4aac761000-7f4aac961000 ---p 0000d000 08:01 277748                     /usr/lib/jvm/java-8-openjdk-amd64/jre/lib/amd64/jli/libjli.so
7f4aac961000-7f4aac962000 r--p 0000d000 08:01 277748                     /usr/lib/jvm/java-8-openjdk-amd64/jre/lib/amd64/jli/libjli.so
7f4aac962000-7f4aac963000 rw-p 0000e000 08:01 277748                     /usr/lib/jvm/java-8-openjdk-amd64/jre/lib/amd64/jli/libjli.so
7f4aac963000-7f4aac97c000 r-xp 00000000 08:01 524678                     /lib/x86_64-linux-gnu/libz.so.1.2.8
7f4aac97c000-7f4aacb7b000 ---p 00019000 08:01 524678                     /lib/x86_64-linux-gnu/libz.so.1.2.8
7f4aacb7b000-7f4aacb7c000 r--p 00018000 08:01 524678                     /lib/x86_64-linux-gnu/libz.so.1.2.8
7f4aacb7c000-7f4aacb7d000 rw-p 00019000 08:01 524678                     /lib/x86_64-linux-gnu/libz.so.1.2.8
7f4aacb7d000-7f4aacb95000 r-xp 00000000 08:01 524787                     /lib/x86_64-linux-gnu/libpthread-2.24.so
7f4aacb95000-7f4aacd94000 ---p 00018000 08:01 524787                     /lib/x86_64-linux-gnu/libpthread-2.24.so
7f4aacd94000-7f4aacd95000 r--p 00017000 08:01 524787                     /lib/x86_64-linux-gnu/libpthread-2.24.so
7f4aacd95000-7f4aacd96000 rw-p 00018000 08:01 524787                     /lib/x86_64-linux-gnu/libpthread-2.24.so
7f4aacd96000-7f4aacd9a000 rw-p 00000000 00:00 0 
7f4aacd9a000-7f4aacdbd000 r-xp 00000000 08:01 524388                     /lib/x86_64-linux-gnu/ld-2.24.so
7f4aacea8000-7f4aaceb0000 rw-s 00000000 08:01 530825                     /tmp/hsperfdata_balliatic/1849
7f4aaceb0000-7f4aaceb3000 ---p 00000000 00:00 0 
7f4aaceb3000-7f4aacfb3000 rw-p 00000000 00:00 0 
7f4aacfb8000-7f4aacfb9000 rw-p 00000000 00:00 0 
7f4aacfb9000-7f4aacfba000 r--p 00000000 00:00 0 
7f4aacfba000-7f4aacfbd000 rw-p 00000000 00:00 0 
7f4aacfbd000-7f4aacfbe000 r--p 00023000 08:01 524388                     /lib/x86_64-linux-gnu/ld-2.24.so
7f4aacfbe000-7f4aacfbf000 rw-p 00024000 08:01 524388                     /lib/x86_64-linux-gnu/ld-2.24.so
7f4aacfbf000-7f4aacfc0000 rw-p 00000000 00:00 0 
7ffeb5768000-7ffeb5789000 rw-p 00000000 00:00 0                          [stack]
7ffeb57e6000-7ffeb57e8000 r--p 00000000 00:00 0                          [vvar]
7ffeb57e8000-7ffeb57ea000 r-xp 00000000 00:00 0                          [vdso]
ffffffffff600000-ffffffffff601000 r-xp 00000000 00:00 0                  [vsyscall]

VM Arguments:
jvm_args: -Xmx1024m -Xms1024m -XX:MaxPermSize=512m -Djdk.net.URLClassPath.disableClassPathURLCheck=true 
java_command: /home/balliatic/java-maven-junit-helloworld/target/surefire/surefirebooter4621609015282949457.jar /home/balliatic/java-maven-junit-helloworld/target/surefire 2019-01-04T10-23-24_863-jvmRun1 surefire1504795219583586723tmp surefire_01888818421943049589tmp
java_class_path (initial): /home/balliatic/java-maven-junit-helloworld/target/surefire/surefirebooter4621609015282949457.jar
Launcher Type: SUN_STANDARD

Environment Variables:
JAVA_HOME=/usr/lib/jvm/java-8-openjdk-amd64
PATH=/usr/local/bin:/usr/bin:/bin:/usr/local/games:/usr/games
SHELL=/bin/bash

Signal Handlers:
SIGSEGV: [libjvm.so+0xa74b40], sa_mask[0]=11111111011111111101111111111110, sa_flags=SA_RESTART|SA_SIGINFO
SIGBUS: [libjvm.so+0xa74b40], sa_mask[0]=11111111011111111101111111111110, sa_flags=SA_RESTART|SA_SIGINFO
SIGFPE: [libjvm.so+0x8bd510], sa_mask[0]=11111111011111111101111111111110, sa_flags=SA_RESTART|SA_SIGINFO
SIGPIPE: [libjvm.so+0x8bd510], sa_mask[0]=11111111011111111101111111111110, sa_flags=SA_RESTART|SA_SIGINFO
SIGXFSZ: [libjvm.so+0x8bd510], sa_mask[0]=11111111011111111101111111111110, sa_flags=SA_RESTART|SA_SIGINFO
SIGILL: [libjvm.so+0x8bd510], sa_mask[0]=11111111011111111101111111111110, sa_flags=SA_RESTART|SA_SIGINFO
SIGUSR1: SIG_DFL, sa_mask[0]=00000000000000000000000000000000, sa_flags=none
SIGUSR2: [libjvm.so+0x8bd3c0], sa_mask[0]=00100000000000000000000000000000, sa_flags=SA_RESTART|SA_SIGINFO
SIGHUP: SIG_DFL, sa_mask[0]=00000000000000000000000000000000, sa_flags=none
SIGINT: SIG_DFL, sa_mask[0]=00000000000000000000000000000000, sa_flags=none
SIGTERM: SIG_DFL, sa_mask[0]=00000000000000000000000000000000, sa_flags=none
SIGQUIT: SIG_DFL, sa_mask[0]=00000000000000000000000000000000, sa_flags=none


---------------  S Y S T E M  ---------------

OS:PRETTY_NAME="Debian GNU/Linux 9 (stretch)"
NAME="Debian GNU/Linux"
VERSION_ID="9"
VERSION="9 (stretch)"
ID=debian
HOME_URL="https://www.debian.org/"
SUPPORT_URL="https://www.debian.org/support"
BUG_REPORT_URL="https://bugs.debian.org/"

uname:Linux 4.9.0-8-amd64 #1 SMP Debian 4.9.130-2 (2018-10-27) x86_64
libc:glibc 2.24 NPTL 2.24 
rlimit: STACK 8192k, CORE 0k, NPROC 2282, NOFILE 1048576, AS infinity
load average:0.28 0.08 0.02

/proc/meminfo:
MemTotal:         606692 kB
MemFree:          175372 kB
MemAvailable:     358860 kB
Buffers:           15848 kB
Cached:           243524 kB
SwapCached:            0 kB
Active:           252408 kB
Inactive:         135000 kB
Active(anon):     128200 kB
Inactive(anon):     2260 kB
Active(file):     124208 kB
Inactive(file):   132740 kB
Unevictable:           0 kB
Mlocked:               0 kB
SwapTotal:             0 kB
SwapFree:              0 kB
Dirty:               132 kB
Writeback:             0 kB
AnonPages:        128084 kB
Mapped:            37640 kB
Shmem:              2412 kB
Slab:              25628 kB
SReclaimable:      16936 kB
SUnreclaim:         8692 kB
KernelStack:        1440 kB
PageTables:         2524 kB
NFS_Unstable:          0 kB
Bounce:                0 kB
WritebackTmp:          0 kB
CommitLimit:      303344 kB
Committed_AS:     558064 kB
VmallocTotal:   34359738367 kB
VmallocUsed:           0 kB
VmallocChunk:          0 kB
HardwareCorrupted:     0 kB
AnonHugePages:         0 kB
ShmemHugePages:        0 kB
ShmemPmdMapped:        0 kB
HugePages_Total:       0
HugePages_Free:        0
HugePages_Rsvd:        0
HugePages_Surp:        0
Hugepagesize:       2048 kB
DirectMap4k:       38900 kB
DirectMap2M:      589824 kB
DirectMap1G:           0 kB


CPU:total 1 (initial active 1) (1 cores per cpu, 1 threads per core) family 6 model 85 stepping 3, cmov, cx8, fxsr, mmx, sse, sse2, sse3, ssse3, sse4.1, sse4.2, popcnt, avx, avx2, aes, clmul, erms, rtm, 3dnowpref, lzcnt, tsc, tscinvbit, bmi1, bmi2, adx

/proc/cpuinfo:
processor	: 0
vendor_id	: GenuineIntel
cpu family	: 6
model		: 85
model name	: Intel(R) Xeon(R) CPU @ 2.00GHz
stepping	: 3
microcode	: 0x1
cpu MHz		: 2000.182
cache size	: 56320 KB
physical id	: 0
siblings	: 1
core id		: 0
cpu cores	: 1
apicid		: 0
initial apicid	: 0
fpu		: yes
fpu_exception	: yes
cpuid level	: 13
wp		: yes
flags		: fpu vme de pse tsc msr pae mce cx8 apic sep mtrr pge mca cmov pat pse36 clflush mmx fxsr sse sse2 ss ht syscall nx pdpe1gb rdtscp lm constant_tsc rep_good nopl xtopology nonstop_tsc pni pclmulqdq ssse3 fma cx16 pcid sse4_1 sse4_2 x2apic movbe popcnt aes xsave avx f16c rdrand hypervisor lahf_lm abm 3dnowprefetch invpcid_single ssbd ibrs ibpb stibp kaiser fsgsbase tsc_adjust bmi1 hle avx2 smep bmi2 erms invpcid rtm mpx avx512f avx512dq rdseed adx smap clflushopt clwb avx512cd avx512bw avx512vl xsaveopt xsavec xgetbv1 xsaves arat arch_capabilities
bugs		: cpu_meltdown spectre_v1 spectre_v2 spec_store_bypass l1tf
bogomips	: 4000.36
clflush size	: 64
cache_alignment	: 64
address sizes	: 46 bits physical, 48 bits virtual
power management:



Memory: 4k page, physical 606692k(175372k free), swap 0k(0k free)

vm_info: OpenJDK 64-Bit Server VM (25.181-b13) for linux-amd64 JRE (1.8.0_181-8u181-b13-2~deb9u1-b13), built on Oct 22 2018 18:05:23 by "pbuilder" with gcc 6.3.0 20170516

time: Fri Jan  4 10:23:25 2019
elapsed time: 0 seconds (0d 0h 0m 0s)

